<html>
<head>
<title>TestNG:  Command line test</title>
<link href="../testng.css" rel="stylesheet" type="text/css" />
<link href="../my-testng.css" rel="stylesheet" type="text/css" />

<style type="text/css">
.log { display: none;} 
.stack-trace { display: none;} 
</style>
<script type="text/javascript">
<!--
function flip(e) {
  current = e.style.display;
  if (current == 'block') {
    e.style.display = 'none';
    return 0;
  }
  else {
    e.style.display = 'block';
    return 1;
  }
}

function toggleBox(szDivId, elem, msg1, msg2)
{
  var res = -1;  if (document.getElementById) {
    res = flip(document.getElementById(szDivId));
  }
  else if (document.all) {
    // this is the way old msie versions work
    res = flip(document.all[szDivId]);
  }
  if(elem) {
    if(res == 0) elem.innerHTML = msg1; else elem.innerHTML = msg2;
  }

}

function toggleAllBoxes() {
  if (document.getElementsByTagName) {
    d = document.getElementsByTagName('div');
    for (i = 0; i < d.length; i++) {
      if (d[i].className == 'log') {
        flip(d[i]);
      }
    }
  }
}

// -->
</script>

</head>
<body>
<h2 align='center'>Command line test</h2><table border='1' align="center">
<tr>
<td>Tests passed/Failed/Skipped:</td><td>48/3/0</td>
</tr><tr>
<td>Started on:</td><td>Thu Nov 08 10:00:12 CST 2018</td>
</tr>
<tr><td>Total time:</td><td>3519 seconds (3519677 ms)</td>
</tr><tr>
<td>Included groups:</td><td></td>
</tr><tr>
<td>Excluded groups:</td><td></td>
</tr>
</table><p/>
<small><i>(Hover the method name to see the test class name)</i></small><p/>
<table width='100%' border='1' class='invocation-failed'>
<tr><td colspan='4' align='center'><b>FAILED TESTS</b></td></tr>
<tr><td><b>Test method</b></td>
<td width="30%"><b>Exception</b></td>
<td width="10%"><b>Time (seconds)</b></td>
<td><b>Instance</b></td>
</tr>
<tr>
<td title='testCases.TestsDataDriven.newAssigneeAssignmentPolicy()'><b>newAssigneeAssignmentPolicy</b><br>Test class: testCases.TestsDataDriven<br>Parameters: 1/1/2018, Automated_Name24, Automated_Surname24, Automated124, Automated224, 9/24/2003, Argentina, Buenos Aires, Australia, Business Trip, 10124, 1/1/2018, 6/30/2019, 1/1/2018, XYZ|, Monthly, AUSTRALIA, Australia Capital Territory, Big Policy, 1/1/2018, 12/31/2019</td>
<td><div><pre>org.openqa.selenium.StaleElementReferenceException: stale element reference: element is not attached to the page document
  (Session info: chrome=70.0.3538.77)
  (Driver info: chromedriver=2.42.591088 (7b2b2dca23cca0862f674758c9a3933e685c27d5),platform=Windows NT 6.3.9600 x86_64) (WARNING: The server did not provide any stacktrace information)
Command duration or timeout: 0 milliseconds
For documentation on this error, please visit: http://seleniumhq.org/exceptions/stale_element_reference.html
Build info: version: &apos;3.14.0&apos;, revision: &apos;aacccce0&apos;, time: &apos;2018-08-02T20:19:58.91Z&apos;
System info: host: &apos;CLDMAMANRIQUE01&apos;, ip: &apos;10.26.216.77&apos;, os.name: &apos;Windows Server 2012 R2&apos;, os.arch: &apos;amd64&apos;, os.version: &apos;6.3&apos;, java.version: &apos;1.8.0_181&apos;
Driver info: org.openqa.selenium.chrome.ChromeDriver
Capabilities {acceptInsecureCerts: false, acceptSslCerts: false, applicationCacheEnabled: false, browserConnectionEnabled: false, browserName: chrome, chrome: {chromedriverVersion: 2.42.591088 (7b2b2dca23cca0..., userDataDir: C:\Users\mamanrique\AppData...}, cssSelectorsEnabled: true, databaseEnabled: false, goog:chromeOptions: {debuggerAddress: localhost:55925}, handlesAlerts: true, hasTouchScreen: false, javascriptEnabled: true, locationContextEnabled: true, mobileEmulationEnabled: false, nativeEvents: true, networkConnectionEnabled: false, pageLoadStrategy: normal, platform: XP, platformName: XP, rotatable: false, setWindowRect: true, takesHeapSnapshot: true, takesScreenshot: true, unexpectedAlertBehaviour: , unhandledPromptBehavior: , version: 70.0.3538.77, webStorageEnabled: true}
Session ID: 3de223c5c4034c72f583d5f64946bb2e
	at org.openqa.selenium.remote.ErrorHandler.createThrowable(ErrorHandler.java:214)
	at org.openqa.selenium.remote.ErrorHandler.throwIfResponseFailed(ErrorHandler.java:166)
	at org.openqa.selenium.remote.http.JsonHttpResponseCodec.reconstructValue(JsonHttpResponseCodec.java:40)
	at org.openqa.selenium.remote.http.AbstractHttpResponseCodec.decode(AbstractHttpResponseCodec.java:80)
	at org.openqa.selenium.remote.http.AbstractHttpResponseCodec.decode(AbstractHttpResponseCodec.java:44)
	at org.openqa.selenium.remote.HttpCommandExecutor.execute(HttpCommandExecutor.java:158)
	at org.openqa.selenium.remote.service.DriverCommandExecutor.execute(DriverCommandExecutor.java:83)
	at org.openqa.selenium.remote.RemoteWebDriver.execute(RemoteWebDriver.java:548)
	at org.openqa.selenium.remote.RemoteWebElement.execute(RemoteWebElement.java:276)
	at org.openqa.selenium.remote.RemoteWebElement.sendKeys(RemoteWebElement.java:100)
	at pageObjects.PageAssignment.newAssignment(PageAssignment.java:72)
	at testCases.TestsDataDriven.newAssigneeAssignmentPolicy(TestsDataDriven.java:99)
... Removed 38 stack frames</pre></div><a href='#' onClick='toggleBox("stack-trace862853054", this, "Click to show all stack frames", "Click to hide stack frames")'>Click to show all stack frames</a>
<div class='stack-trace' id='stack-trace862853054'><pre>org.openqa.selenium.StaleElementReferenceException: stale element reference: element is not attached to the page document
  (Session info: chrome=70.0.3538.77)
  (Driver info: chromedriver=2.42.591088 (7b2b2dca23cca0862f674758c9a3933e685c27d5),platform=Windows NT 6.3.9600 x86_64) (WARNING: The server did not provide any stacktrace information)
Command duration or timeout: 0 milliseconds
For documentation on this error, please visit: http://seleniumhq.org/exceptions/stale_element_reference.html
Build info: version: &apos;3.14.0&apos;, revision: &apos;aacccce0&apos;, time: &apos;2018-08-02T20:19:58.91Z&apos;
System info: host: &apos;CLDMAMANRIQUE01&apos;, ip: &apos;10.26.216.77&apos;, os.name: &apos;Windows Server 2012 R2&apos;, os.arch: &apos;amd64&apos;, os.version: &apos;6.3&apos;, java.version: &apos;1.8.0_181&apos;
Driver info: org.openqa.selenium.chrome.ChromeDriver
Capabilities {acceptInsecureCerts: false, acceptSslCerts: false, applicationCacheEnabled: false, browserConnectionEnabled: false, browserName: chrome, chrome: {chromedriverVersion: 2.42.591088 (7b2b2dca23cca0..., userDataDir: C:\Users\mamanrique\AppData...}, cssSelectorsEnabled: true, databaseEnabled: false, goog:chromeOptions: {debuggerAddress: localhost:55925}, handlesAlerts: true, hasTouchScreen: false, javascriptEnabled: true, locationContextEnabled: true, mobileEmulationEnabled: false, nativeEvents: true, networkConnectionEnabled: false, pageLoadStrategy: normal, platform: XP, platformName: XP, rotatable: false, setWindowRect: true, takesHeapSnapshot: true, takesScreenshot: true, unexpectedAlertBehaviour: , unhandledPromptBehavior: , version: 70.0.3538.77, webStorageEnabled: true}
Session ID: 3de223c5c4034c72f583d5f64946bb2e
	at sun.reflect.NativeConstructorAccessorImpl.newInstance0(Native Method)
	at sun.reflect.NativeConstructorAccessorImpl.newInstance(NativeConstructorAccessorImpl.java:62)
	at sun.reflect.DelegatingConstructorAccessorImpl.newInstance(DelegatingConstructorAccessorImpl.java:45)
	at java.lang.reflect.Constructor.newInstance(Constructor.java:423)
	at org.openqa.selenium.remote.ErrorHandler.createThrowable(ErrorHandler.java:214)
	at org.openqa.selenium.remote.ErrorHandler.throwIfResponseFailed(ErrorHandler.java:166)
	at org.openqa.selenium.remote.http.JsonHttpResponseCodec.reconstructValue(JsonHttpResponseCodec.java:40)
	at org.openqa.selenium.remote.http.AbstractHttpResponseCodec.decode(AbstractHttpResponseCodec.java:80)
	at org.openqa.selenium.remote.http.AbstractHttpResponseCodec.decode(AbstractHttpResponseCodec.java:44)
	at org.openqa.selenium.remote.HttpCommandExecutor.execute(HttpCommandExecutor.java:158)
	at org.openqa.selenium.remote.service.DriverCommandExecutor.execute(DriverCommandExecutor.java:83)
	at org.openqa.selenium.remote.RemoteWebDriver.execute(RemoteWebDriver.java:548)
	at org.openqa.selenium.remote.RemoteWebElement.execute(RemoteWebElement.java:276)
	at org.openqa.selenium.remote.RemoteWebElement.sendKeys(RemoteWebElement.java:100)
	at pageObjects.PageAssignment.newAssignment(PageAssignment.java:72)
	at testCases.TestsDataDriven.newAssigneeAssignmentPolicy(TestsDataDriven.java:99)
	at sun.reflect.NativeMethodAccessorImpl.invoke0(Native Method)
	at sun.reflect.NativeMethodAccessorImpl.invoke(NativeMethodAccessorImpl.java:62)
	at sun.reflect.DelegatingMethodAccessorImpl.invoke(DelegatingMethodAccessorImpl.java:43)
	at java.lang.reflect.Method.invoke(Method.java:498)
	at org.testng.internal.MethodInvocationHelper.invokeMethod(MethodInvocationHelper.java:124)
	at org.testng.internal.Invoker.invokeMethod(Invoker.java:583)
	at org.testng.internal.Invoker.invokeTestMethod(Invoker.java:719)
	at org.testng.internal.Invoker.invokeTestMethods(Invoker.java:989)
	at org.testng.internal.TestMethodWorker.invokeTestMethods(TestMethodWorker.java:125)
	at org.testng.internal.TestMethodWorker.run(TestMethodWorker.java:109)
	at org.testng.TestRunner.privateRun(TestRunner.java:648)
	at org.testng.TestRunner.run(TestRunner.java:505)
	at org.testng.SuiteRunner.runTest(SuiteRunner.java:455)
	at org.testng.SuiteRunner.runSequentially(SuiteRunner.java:450)
	at org.testng.SuiteRunner.privateRun(SuiteRunner.java:415)
	at org.testng.SuiteRunner.run(SuiteRunner.java:364)
	at org.testng.SuiteRunnerWorker.runSuite(SuiteRunnerWorker.java:52)
	at org.testng.SuiteRunnerWorker.run(SuiteRunnerWorker.java:84)
	at org.testng.TestNG.runSuitesSequentially(TestNG.java:1208)
	at org.testng.TestNG.runSuitesLocally(TestNG.java:1137)
	at org.testng.TestNG.runSuites(TestNG.java:1049)
	at org.testng.TestNG.run(TestNG.java:1017)
	at org.apache.maven.surefire.testng.TestNGExecutor.run(TestNGExecutor.java:77)
	at org.apache.maven.surefire.testng.TestNGDirectoryTestSuite.execute(TestNGDirectoryTestSuite.java:110)
	at org.apache.maven.surefire.testng.TestNGProvider.invoke(TestNGProvider.java:106)
	at sun.reflect.NativeMethodAccessorImpl.invoke0(Native Method)
	at sun.reflect.NativeMethodAccessorImpl.invoke(NativeMethodAccessorImpl.java:62)
	at sun.reflect.DelegatingMethodAccessorImpl.invoke(DelegatingMethodAccessorImpl.java:43)
	at java.lang.reflect.Method.invoke(Method.java:498)
	at org.apache.maven.surefire.util.ReflectionUtils.invokeMethodWithArray(ReflectionUtils.java:189)
	at org.apache.maven.surefire.booter.ProviderFactory$ProviderProxy.invoke(ProviderFactory.java:165)
	at org.apache.maven.surefire.booter.ProviderFactory.invokeProvider(ProviderFactory.java:85)
	at org.apache.maven.surefire.booter.ForkedBooter.runSuitesInProcess(ForkedBooter.java:115)
	at org.apache.maven.surefire.booter.ForkedBooter.main(ForkedBooter.java:75)
</pre></div></td>
<td>36</td>
<td>testCases.TestsDataDriven@3f2a3a5</td></tr>
<tr>
<td title='testCases.TestsDataDriven.newAssigneeAssignmentPolicy()'><b>newAssigneeAssignmentPolicy</b><br>Test class: testCases.TestsDataDriven<br>Parameters: 1/1/2018, Automated_Name26, Automated_Surname26, Automated126, Automated226, 9/24/2003, Argentina, Buenos Aires, Australia, Business Trip, 10126, 1/1/2018, 6/30/2019, 1/1/2018, XYZ|, Monthly, AUSTRALIA, Australia Capital Territory, Big Policy, 1/1/2018, 12/31/2019</td>
<td><div><pre>org.openqa.selenium.TimeoutException: Expected condition failed: waiting for presence of element located by: By.id: ctl00_ctl00_ctl00_ctl00_Main_MainContent_MainContent_MainContent_AddPolicies (tried for 30 second(s) with 500 milliseconds interval)
	at org.openqa.selenium.support.ui.WebDriverWait.timeoutException(WebDriverWait.java:113)
	at org.openqa.selenium.support.ui.FluentWait.until(FluentWait.java:283)
	at pageObjects.PageAssigneePolicy.newAssigneeAssignmentPolicy(PageAssigneePolicy.java:40)
	at testCases.TestsDataDriven.newAssigneeAssignmentPolicy(TestsDataDriven.java:101)
Caused by: org.openqa.selenium.NoSuchElementException: Cannot locate an element using By.id: ctl00_ctl00_ctl00_ctl00_Main_MainContent_MainContent_MainContent_AddPolicies
For documentation on this error, please visit: http://seleniumhq.org/exceptions/no_such_element.html
Build info: version: &apos;3.14.0&apos;, revision: &apos;aacccce0&apos;, time: &apos;2018-08-02T20:19:58.91Z&apos;
System info: host: &apos;CLDMAMANRIQUE01&apos;, ip: &apos;10.26.216.77&apos;, os.name: &apos;Windows Server 2012 R2&apos;, os.arch: &apos;amd64&apos;, os.version: &apos;6.3&apos;, java.version: &apos;1.8.0_181&apos;
Driver info: driver.version: unknown
	at org.openqa.selenium.support.ui.ExpectedConditions.lambda$findElement$0(ExpectedConditions.java:896)
	at java.util.Optional.orElseThrow(Optional.java:290)
	at org.openqa.selenium.support.ui.ExpectedConditions.findElement(ExpectedConditions.java:895)
	at org.openqa.selenium.support.ui.ExpectedConditions.access$000(ExpectedConditions.java:44)
	at org.openqa.selenium.support.ui.ExpectedConditions$6.apply(ExpectedConditions.java:183)
	at org.openqa.selenium.support.ui.ExpectedConditions$6.apply(ExpectedConditions.java:180)
	at org.openqa.selenium.support.ui.FluentWait.until(FluentWait.java:260)
	... 36 more
... Removed 34 stack frames</pre></div><a href='#' onClick='toggleBox("stack-trace715093362", this, "Click to show all stack frames", "Click to hide stack frames")'>Click to show all stack frames</a>
<div class='stack-trace' id='stack-trace715093362'><pre>org.openqa.selenium.TimeoutException: Expected condition failed: waiting for presence of element located by: By.id: ctl00_ctl00_ctl00_ctl00_Main_MainContent_MainContent_MainContent_AddPolicies (tried for 30 second(s) with 500 milliseconds interval)
	at org.openqa.selenium.support.ui.WebDriverWait.timeoutException(WebDriverWait.java:113)
	at org.openqa.selenium.support.ui.FluentWait.until(FluentWait.java:283)
	at pageObjects.PageAssigneePolicy.newAssigneeAssignmentPolicy(PageAssigneePolicy.java:40)
	at testCases.TestsDataDriven.newAssigneeAssignmentPolicy(TestsDataDriven.java:101)
	at sun.reflect.NativeMethodAccessorImpl.invoke0(Native Method)
	at sun.reflect.NativeMethodAccessorImpl.invoke(NativeMethodAccessorImpl.java:62)
	at sun.reflect.DelegatingMethodAccessorImpl.invoke(DelegatingMethodAccessorImpl.java:43)
	at java.lang.reflect.Method.invoke(Method.java:498)
	at org.testng.internal.MethodInvocationHelper.invokeMethod(MethodInvocationHelper.java:124)
	at org.testng.internal.Invoker.invokeMethod(Invoker.java:583)
	at org.testng.internal.Invoker.invokeTestMethod(Invoker.java:719)
	at org.testng.internal.Invoker.invokeTestMethods(Invoker.java:989)
	at org.testng.internal.TestMethodWorker.invokeTestMethods(TestMethodWorker.java:125)
	at org.testng.internal.TestMethodWorker.run(TestMethodWorker.java:109)
	at org.testng.TestRunner.privateRun(TestRunner.java:648)
	at org.testng.TestRunner.run(TestRunner.java:505)
	at org.testng.SuiteRunner.runTest(SuiteRunner.java:455)
	at org.testng.SuiteRunner.runSequentially(SuiteRunner.java:450)
	at org.testng.SuiteRunner.privateRun(SuiteRunner.java:415)
	at org.testng.SuiteRunner.run(SuiteRunner.java:364)
	at org.testng.SuiteRunnerWorker.runSuite(SuiteRunnerWorker.java:52)
	at org.testng.SuiteRunnerWorker.run(SuiteRunnerWorker.java:84)
	at org.testng.TestNG.runSuitesSequentially(TestNG.java:1208)
	at org.testng.TestNG.runSuitesLocally(TestNG.java:1137)
	at org.testng.TestNG.runSuites(TestNG.java:1049)
	at org.testng.TestNG.run(TestNG.java:1017)
	at org.apache.maven.surefire.testng.TestNGExecutor.run(TestNGExecutor.java:77)
	at org.apache.maven.surefire.testng.TestNGDirectoryTestSuite.execute(TestNGDirectoryTestSuite.java:110)
	at org.apache.maven.surefire.testng.TestNGProvider.invoke(TestNGProvider.java:106)
	at sun.reflect.NativeMethodAccessorImpl.invoke0(Native Method)
	at sun.reflect.NativeMethodAccessorImpl.invoke(NativeMethodAccessorImpl.java:62)
	at sun.reflect.DelegatingMethodAccessorImpl.invoke(DelegatingMethodAccessorImpl.java:43)
	at java.lang.reflect.Method.invoke(Method.java:498)
	at org.apache.maven.surefire.util.ReflectionUtils.invokeMethodWithArray(ReflectionUtils.java:189)
	at org.apache.maven.surefire.booter.ProviderFactory$ProviderProxy.invoke(ProviderFactory.java:165)
	at org.apache.maven.surefire.booter.ProviderFactory.invokeProvider(ProviderFactory.java:85)
	at org.apache.maven.surefire.booter.ForkedBooter.runSuitesInProcess(ForkedBooter.java:115)
	at org.apache.maven.surefire.booter.ForkedBooter.main(ForkedBooter.java:75)
Caused by: org.openqa.selenium.NoSuchElementException: Cannot locate an element using By.id: ctl00_ctl00_ctl00_ctl00_Main_MainContent_MainContent_MainContent_AddPolicies
For documentation on this error, please visit: http://seleniumhq.org/exceptions/no_such_element.html
Build info: version: &apos;3.14.0&apos;, revision: &apos;aacccce0&apos;, time: &apos;2018-08-02T20:19:58.91Z&apos;
System info: host: &apos;CLDMAMANRIQUE01&apos;, ip: &apos;10.26.216.77&apos;, os.name: &apos;Windows Server 2012 R2&apos;, os.arch: &apos;amd64&apos;, os.version: &apos;6.3&apos;, java.version: &apos;1.8.0_181&apos;
Driver info: driver.version: unknown
	at org.openqa.selenium.support.ui.ExpectedConditions.lambda$findElement$0(ExpectedConditions.java:896)
	at java.util.Optional.orElseThrow(Optional.java:290)
	at org.openqa.selenium.support.ui.ExpectedConditions.findElement(ExpectedConditions.java:895)
	at org.openqa.selenium.support.ui.ExpectedConditions.access$000(ExpectedConditions.java:44)
	at org.openqa.selenium.support.ui.ExpectedConditions$6.apply(ExpectedConditions.java:183)
	at org.openqa.selenium.support.ui.ExpectedConditions$6.apply(ExpectedConditions.java:180)
	at org.openqa.selenium.support.ui.FluentWait.until(FluentWait.java:260)
	... 36 more
</pre></div></td>
<td>162</td>
<td>testCases.TestsDataDriven@3f2a3a5</td></tr>
<tr>
<td title='testCases.TestsDataDriven.newAssigneeAssignmentPolicy()'><b>newAssigneeAssignmentPolicy</b><br>Test class: testCases.TestsDataDriven<br>Parameters: 1/1/2018, Automated_Name36, Automated_Surname36, Automated136, Automated236, 9/24/2003, Argentina, Buenos Aires, Australia, Business Trip, 10136, 1/1/2018, 6/30/2019, 1/1/2018, XYZ|, Monthly, AUSTRALIA, Australia Capital Territory, Big Policy, 1/1/2018, 12/31/2019</td>
<td><div><pre>org.openqa.selenium.StaleElementReferenceException: stale element reference: element is not attached to the page document
  (Session info: chrome=70.0.3538.77)
  (Driver info: chromedriver=2.42.591088 (7b2b2dca23cca0862f674758c9a3933e685c27d5),platform=Windows NT 6.3.9600 x86_64) (WARNING: The server did not provide any stacktrace information)
Command duration or timeout: 0 milliseconds
For documentation on this error, please visit: http://seleniumhq.org/exceptions/stale_element_reference.html
Build info: version: &apos;3.14.0&apos;, revision: &apos;aacccce0&apos;, time: &apos;2018-08-02T20:19:58.91Z&apos;
System info: host: &apos;CLDMAMANRIQUE01&apos;, ip: &apos;10.26.216.77&apos;, os.name: &apos;Windows Server 2012 R2&apos;, os.arch: &apos;amd64&apos;, os.version: &apos;6.3&apos;, java.version: &apos;1.8.0_181&apos;
Driver info: org.openqa.selenium.chrome.ChromeDriver
Capabilities {acceptInsecureCerts: false, acceptSslCerts: false, applicationCacheEnabled: false, browserConnectionEnabled: false, browserName: chrome, chrome: {chromedriverVersion: 2.42.591088 (7b2b2dca23cca0..., userDataDir: C:\Users\mamanrique\AppData...}, cssSelectorsEnabled: true, databaseEnabled: false, goog:chromeOptions: {debuggerAddress: localhost:58143}, handlesAlerts: true, hasTouchScreen: false, javascriptEnabled: true, locationContextEnabled: true, mobileEmulationEnabled: false, nativeEvents: true, networkConnectionEnabled: false, pageLoadStrategy: normal, platform: XP, platformName: XP, rotatable: false, setWindowRect: true, takesHeapSnapshot: true, takesScreenshot: true, unexpectedAlertBehaviour: , unhandledPromptBehavior: , version: 70.0.3538.77, webStorageEnabled: true}
Session ID: 4c7840f69bd58b2e7f3ad751634d45bb
	at org.openqa.selenium.remote.ErrorHandler.createThrowable(ErrorHandler.java:214)
	at org.openqa.selenium.remote.ErrorHandler.throwIfResponseFailed(ErrorHandler.java:166)
	at org.openqa.selenium.remote.http.JsonHttpResponseCodec.reconstructValue(JsonHttpResponseCodec.java:40)
	at org.openqa.selenium.remote.http.AbstractHttpResponseCodec.decode(AbstractHttpResponseCodec.java:80)
	at org.openqa.selenium.remote.http.AbstractHttpResponseCodec.decode(AbstractHttpResponseCodec.java:44)
	at org.openqa.selenium.remote.HttpCommandExecutor.execute(HttpCommandExecutor.java:158)
	at org.openqa.selenium.remote.service.DriverCommandExecutor.execute(DriverCommandExecutor.java:83)
	at org.openqa.selenium.remote.RemoteWebDriver.execute(RemoteWebDriver.java:548)
	at org.openqa.selenium.remote.RemoteWebElement.execute(RemoteWebElement.java:276)
	at org.openqa.selenium.remote.RemoteWebElement.sendKeys(RemoteWebElement.java:100)
	at pageObjects.PageAssignment.newAssignment(PageAssignment.java:76)
	at testCases.TestsDataDriven.newAssigneeAssignmentPolicy(TestsDataDriven.java:99)
... Removed 37 stack frames</pre></div><a href='#' onClick='toggleBox("stack-trace1575397817", this, "Click to show all stack frames", "Click to hide stack frames")'>Click to show all stack frames</a>
<div class='stack-trace' id='stack-trace1575397817'><pre>org.openqa.selenium.StaleElementReferenceException: stale element reference: element is not attached to the page document
  (Session info: chrome=70.0.3538.77)
  (Driver info: chromedriver=2.42.591088 (7b2b2dca23cca0862f674758c9a3933e685c27d5),platform=Windows NT 6.3.9600 x86_64) (WARNING: The server did not provide any stacktrace information)
Command duration or timeout: 0 milliseconds
For documentation on this error, please visit: http://seleniumhq.org/exceptions/stale_element_reference.html
Build info: version: &apos;3.14.0&apos;, revision: &apos;aacccce0&apos;, time: &apos;2018-08-02T20:19:58.91Z&apos;
System info: host: &apos;CLDMAMANRIQUE01&apos;, ip: &apos;10.26.216.77&apos;, os.name: &apos;Windows Server 2012 R2&apos;, os.arch: &apos;amd64&apos;, os.version: &apos;6.3&apos;, java.version: &apos;1.8.0_181&apos;
Driver info: org.openqa.selenium.chrome.ChromeDriver
Capabilities {acceptInsecureCerts: false, acceptSslCerts: false, applicationCacheEnabled: false, browserConnectionEnabled: false, browserName: chrome, chrome: {chromedriverVersion: 2.42.591088 (7b2b2dca23cca0..., userDataDir: C:\Users\mamanrique\AppData...}, cssSelectorsEnabled: true, databaseEnabled: false, goog:chromeOptions: {debuggerAddress: localhost:58143}, handlesAlerts: true, hasTouchScreen: false, javascriptEnabled: true, locationContextEnabled: true, mobileEmulationEnabled: false, nativeEvents: true, networkConnectionEnabled: false, pageLoadStrategy: normal, platform: XP, platformName: XP, rotatable: false, setWindowRect: true, takesHeapSnapshot: true, takesScreenshot: true, unexpectedAlertBehaviour: , unhandledPromptBehavior: , version: 70.0.3538.77, webStorageEnabled: true}
Session ID: 4c7840f69bd58b2e7f3ad751634d45bb
	at sun.reflect.NativeConstructorAccessorImpl.newInstance0(Native Method)
	at sun.reflect.NativeConstructorAccessorImpl.newInstance(NativeConstructorAccessorImpl.java:62)
	at sun.reflect.DelegatingConstructorAccessorImpl.newInstance(DelegatingConstructorAccessorImpl.java:45)
	at java.lang.reflect.Constructor.newInstance(Constructor.java:423)
	at org.openqa.selenium.remote.ErrorHandler.createThrowable(ErrorHandler.java:214)
	at org.openqa.selenium.remote.ErrorHandler.throwIfResponseFailed(ErrorHandler.java:166)
	at org.openqa.selenium.remote.http.JsonHttpResponseCodec.reconstructValue(JsonHttpResponseCodec.java:40)
	at org.openqa.selenium.remote.http.AbstractHttpResponseCodec.decode(AbstractHttpResponseCodec.java:80)
	at org.openqa.selenium.remote.http.AbstractHttpResponseCodec.decode(AbstractHttpResponseCodec.java:44)
	at org.openqa.selenium.remote.HttpCommandExecutor.execute(HttpCommandExecutor.java:158)
	at org.openqa.selenium.remote.service.DriverCommandExecutor.execute(DriverCommandExecutor.java:83)
	at org.openqa.selenium.remote.RemoteWebDriver.execute(RemoteWebDriver.java:548)
	at org.openqa.selenium.remote.RemoteWebElement.execute(RemoteWebElement.java:276)
	at org.openqa.selenium.remote.RemoteWebElement.sendKeys(RemoteWebElement.java:100)
	at pageObjects.PageAssignment.newAssignment(PageAssignment.java:76)
	at testCases.TestsDataDriven.newAssigneeAssignmentPolicy(TestsDataDriven.java:99)
	at sun.reflect.GeneratedMethodAccessor2.invoke(Unknown Source)
	at sun.reflect.DelegatingMethodAccessorImpl.invoke(DelegatingMethodAccessorImpl.java:43)
	at java.lang.reflect.Method.invoke(Method.java:498)
	at org.testng.internal.MethodInvocationHelper.invokeMethod(MethodInvocationHelper.java:124)
	at org.testng.internal.Invoker.invokeMethod(Invoker.java:583)
	at org.testng.internal.Invoker.invokeTestMethod(Invoker.java:719)
	at org.testng.internal.Invoker.invokeTestMethods(Invoker.java:989)
	at org.testng.internal.TestMethodWorker.invokeTestMethods(TestMethodWorker.java:125)
	at org.testng.internal.TestMethodWorker.run(TestMethodWorker.java:109)
	at org.testng.TestRunner.privateRun(TestRunner.java:648)
	at org.testng.TestRunner.run(TestRunner.java:505)
	at org.testng.SuiteRunner.runTest(SuiteRunner.java:455)
	at org.testng.SuiteRunner.runSequentially(SuiteRunner.java:450)
	at org.testng.SuiteRunner.privateRun(SuiteRunner.java:415)
	at org.testng.SuiteRunner.run(SuiteRunner.java:364)
	at org.testng.SuiteRunnerWorker.runSuite(SuiteRunnerWorker.java:52)
	at org.testng.SuiteRunnerWorker.run(SuiteRunnerWorker.java:84)
	at org.testng.TestNG.runSuitesSequentially(TestNG.java:1208)
	at org.testng.TestNG.runSuitesLocally(TestNG.java:1137)
	at org.testng.TestNG.runSuites(TestNG.java:1049)
	at org.testng.TestNG.run(TestNG.java:1017)
	at org.apache.maven.surefire.testng.TestNGExecutor.run(TestNGExecutor.java:77)
	at org.apache.maven.surefire.testng.TestNGDirectoryTestSuite.execute(TestNGDirectoryTestSuite.java:110)
	at org.apache.maven.surefire.testng.TestNGProvider.invoke(TestNGProvider.java:106)
	at sun.reflect.NativeMethodAccessorImpl.invoke0(Native Method)
	at sun.reflect.NativeMethodAccessorImpl.invoke(NativeMethodAccessorImpl.java:62)
	at sun.reflect.DelegatingMethodAccessorImpl.invoke(DelegatingMethodAccessorImpl.java:43)
	at java.lang.reflect.Method.invoke(Method.java:498)
	at org.apache.maven.surefire.util.ReflectionUtils.invokeMethodWithArray(ReflectionUtils.java:189)
	at org.apache.maven.surefire.booter.ProviderFactory$ProviderProxy.invoke(ProviderFactory.java:165)
	at org.apache.maven.surefire.booter.ProviderFactory.invokeProvider(ProviderFactory.java:85)
	at org.apache.maven.surefire.booter.ForkedBooter.runSuitesInProcess(ForkedBooter.java:115)
	at org.apache.maven.surefire.booter.ForkedBooter.main(ForkedBooter.java:75)
</pre></div></td>
<td>27</td>
<td>testCases.TestsDataDriven@3f2a3a5</td></tr>
</table><p>
<table width='100%' border='1' class='invocation-passed'>
<tr><td colspan='4' align='center'><b>PASSED TESTS</b></td></tr>
<tr><td><b>Test method</b></td>
<td width="30%"><b>Exception</b></td>
<td width="10%"><b>Time (seconds)</b></td>
<td><b>Instance</b></td>
</tr>
<tr>
<td title='testCases.TestsDataDriven.newAssigneeAssignmentPolicy()'><b>newAssigneeAssignmentPolicy</b><br>Test class: testCases.TestsDataDriven<br>Parameters: 1/1/2018, Automated_Name12, Automated_Surname12, Automated112, Automated212, 9/24/2003, Argentina, Buenos Aires, Australia, Business Trip, 10112, 1/1/2018, 6/30/2019, 1/1/2018, XYZ|, Monthly, AUSTRALIA, Australia Capital Territory, Big Policy, 1/1/2018, 12/31/2019</td>
<td></td>
<td>65</td>
<td>testCases.TestsDataDriven@3f2a3a5</td></tr>
<tr>
<td title='testCases.TestsDataDriven.newAssigneeAssignmentPolicy()'><b>newAssigneeAssignmentPolicy</b><br>Test class: testCases.TestsDataDriven<br>Parameters: 1/1/2018, Automated_Name13, Automated_Surname13, Automated113, Automated213, 9/24/2003, Argentina, Buenos Aires, Australia, Business Trip, 10113, 1/1/2018, 6/30/2019, 1/1/2018, XYZ|, Monthly, AUSTRALIA, Australia Capital Territory, Big Policy, 1/1/2018, 12/31/2019</td>
<td></td>
<td>57</td>
<td>testCases.TestsDataDriven@3f2a3a5</td></tr>
<tr>
<td title='testCases.TestsDataDriven.newAssigneeAssignmentPolicy()'><b>newAssigneeAssignmentPolicy</b><br>Test class: testCases.TestsDataDriven<br>Parameters: 1/1/2018, Automated_Name14, Automated_Surname14, Automated114, Automated214, 9/24/2003, Argentina, Buenos Aires, Australia, Business Trip, 10114, 1/1/2018, 6/30/2019, 1/1/2018, XYZ|, Monthly, AUSTRALIA, Australia Capital Territory, Big Policy, 1/1/2018, 12/31/2019</td>
<td></td>
<td>54</td>
<td>testCases.TestsDataDriven@3f2a3a5</td></tr>
<tr>
<td title='testCases.TestsDataDriven.newAssigneeAssignmentPolicy()'><b>newAssigneeAssignmentPolicy</b><br>Test class: testCases.TestsDataDriven<br>Parameters: 1/1/2018, Automated_Name15, Automated_Surname15, Automated115, Automated215, 9/24/2003, Argentina, Buenos Aires, Australia, Business Trip, 10115, 1/1/2018, 6/30/2019, 1/1/2018, XYZ|, Monthly, AUSTRALIA, Australia Capital Territory, Big Policy, 1/1/2018, 12/31/2019</td>
<td></td>
<td>56</td>
<td>testCases.TestsDataDriven@3f2a3a5</td></tr>
<tr>
<td title='testCases.TestsDataDriven.newAssigneeAssignmentPolicy()'><b>newAssigneeAssignmentPolicy</b><br>Test class: testCases.TestsDataDriven<br>Parameters: 1/1/2018, Automated_Name16, Automated_Surname16, Automated116, Automated216, 9/24/2003, Argentina, Buenos Aires, Australia, Business Trip, 10116, 1/1/2018, 6/30/2019, 1/1/2018, XYZ|, Monthly, AUSTRALIA, Australia Capital Territory, Big Policy, 1/1/2018, 12/31/2019</td>
<td></td>
<td>54</td>
<td>testCases.TestsDataDriven@3f2a3a5</td></tr>
<tr>
<td title='testCases.TestsDataDriven.newAssigneeAssignmentPolicy()'><b>newAssigneeAssignmentPolicy</b><br>Test class: testCases.TestsDataDriven<br>Parameters: 1/1/2018, Automated_Name17, Automated_Surname17, Automated117, Automated217, 9/24/2003, Argentina, Buenos Aires, Australia, Business Trip, 10117, 1/1/2018, 6/30/2019, 1/1/2018, XYZ|, Monthly, AUSTRALIA, Australia Capital Territory, Big Policy, 1/1/2018, 12/31/2019</td>
<td></td>
<td>56</td>
<td>testCases.TestsDataDriven@3f2a3a5</td></tr>
<tr>
<td title='testCases.TestsDataDriven.newAssigneeAssignmentPolicy()'><b>newAssigneeAssignmentPolicy</b><br>Test class: testCases.TestsDataDriven<br>Parameters: 1/1/2018, Automated_Name18, Automated_Surname18, Automated118, Automated218, 9/24/2003, Argentina, Buenos Aires, Australia, Business Trip, 10118, 1/1/2018, 6/30/2019, 1/1/2018, XYZ|, Monthly, AUSTRALIA, Australia Capital Territory, Big Policy, 1/1/2018, 12/31/2019</td>
<td></td>
<td>58</td>
<td>testCases.TestsDataDriven@3f2a3a5</td></tr>
<tr>
<td title='testCases.TestsDataDriven.newAssigneeAssignmentPolicy()'><b>newAssigneeAssignmentPolicy</b><br>Test class: testCases.TestsDataDriven<br>Parameters: 1/1/2018, Automated_Name19, Automated_Surname19, Automated119, Automated219, 9/24/2003, Argentina, Buenos Aires, Australia, Business Trip, 10119, 1/1/2018, 6/30/2019, 1/1/2018, XYZ|, Monthly, AUSTRALIA, Australia Capital Territory, Big Policy, 1/1/2018, 12/31/2019</td>
<td></td>
<td>53</td>
<td>testCases.TestsDataDriven@3f2a3a5</td></tr>
<tr>
<td title='testCases.TestsDataDriven.newAssigneeAssignmentPolicy()'><b>newAssigneeAssignmentPolicy</b><br>Test class: testCases.TestsDataDriven<br>Parameters: 1/1/2018, Automated_Name20, Automated_Surname20, Automated120, Automated220, 9/24/2003, Argentina, Buenos Aires, Australia, Business Trip, 10120, 1/1/2018, 6/30/2019, 1/1/2018, XYZ|, Monthly, AUSTRALIA, Australia Capital Territory, Big Policy, 1/1/2018, 12/31/2019</td>
<td></td>
<td>59</td>
<td>testCases.TestsDataDriven@3f2a3a5</td></tr>
<tr>
<td title='testCases.TestsDataDriven.newAssigneeAssignmentPolicy()'><b>newAssigneeAssignmentPolicy</b><br>Test class: testCases.TestsDataDriven<br>Parameters: 1/1/2018, Automated_Name21, Automated_Surname21, Automated121, Automated221, 9/24/2003, Argentina, Buenos Aires, Australia, Business Trip, 10121, 1/1/2018, 6/30/2019, 1/1/2018, XYZ|, Monthly, AUSTRALIA, Australia Capital Territory, Big Policy, 1/1/2018, 12/31/2019</td>
<td></td>
<td>58</td>
<td>testCases.TestsDataDriven@3f2a3a5</td></tr>
<tr>
<td title='testCases.TestsDataDriven.newAssigneeAssignmentPolicy()'><b>newAssigneeAssignmentPolicy</b><br>Test class: testCases.TestsDataDriven<br>Parameters: 1/1/2018, Automated_Name22, Automated_Surname22, Automated122, Automated222, 9/24/2003, Argentina, Buenos Aires, Australia, Business Trip, 10122, 1/1/2018, 6/30/2019, 1/1/2018, XYZ|, Monthly, AUSTRALIA, Australia Capital Territory, Big Policy, 1/1/2018, 12/31/2019</td>
<td></td>
<td>64</td>
<td>testCases.TestsDataDriven@3f2a3a5</td></tr>
<tr>
<td title='testCases.TestsDataDriven.newAssigneeAssignmentPolicy()'><b>newAssigneeAssignmentPolicy</b><br>Test class: testCases.TestsDataDriven<br>Parameters: 1/1/2018, Automated_Name23, Automated_Surname23, Automated123, Automated223, 9/24/2003, Argentina, Buenos Aires, Australia, Business Trip, 10123, 1/1/2018, 6/30/2019, 1/1/2018, XYZ|, Monthly, AUSTRALIA, Australia Capital Territory, Big Policy, 1/1/2018, 12/31/2019</td>
<td></td>
<td>54</td>
<td>testCases.TestsDataDriven@3f2a3a5</td></tr>
<tr>
<td title='testCases.TestsDataDriven.newAssigneeAssignmentPolicy()'><b>newAssigneeAssignmentPolicy</b><br>Test class: testCases.TestsDataDriven<br>Parameters: 1/1/2018, Automated_Name25, Automated_Surname25, Automated125, Automated225, 9/24/2003, Argentina, Buenos Aires, Australia, Business Trip, 10125, 1/1/2018, 6/30/2019, 1/1/2018, XYZ|, Monthly, AUSTRALIA, Australia Capital Territory, Big Policy, 1/1/2018, 12/31/2019</td>
<td></td>
<td>67</td>
<td>testCases.TestsDataDriven@3f2a3a5</td></tr>
<tr>
<td title='testCases.TestsDataDriven.newAssigneeAssignmentPolicy()'><b>newAssigneeAssignmentPolicy</b><br>Test class: testCases.TestsDataDriven<br>Parameters: 1/1/2018, Automated_Name27, Automated_Surname27, Automated127, Automated227, 9/24/2003, Argentina, Buenos Aires, Australia, Business Trip, 10127, 1/1/2018, 6/30/2019, 1/1/2018, XYZ|, Monthly, AUSTRALIA, Australia Capital Territory, Big Policy, 1/1/2018, 12/31/2019</td>
<td></td>
<td>53</td>
<td>testCases.TestsDataDriven@3f2a3a5</td></tr>
<tr>
<td title='testCases.TestsDataDriven.newAssigneeAssignmentPolicy()'><b>newAssigneeAssignmentPolicy</b><br>Test class: testCases.TestsDataDriven<br>Parameters: 1/1/2018, Automated_Name28, Automated_Surname28, Automated128, Automated228, 9/24/2003, Argentina, Buenos Aires, Australia, Business Trip, 10128, 1/1/2018, 6/30/2019, 1/1/2018, XYZ|, Monthly, AUSTRALIA, Australia Capital Territory, Big Policy, 1/1/2018, 12/31/2019</td>
<td></td>
<td>53</td>
<td>testCases.TestsDataDriven@3f2a3a5</td></tr>
<tr>
<td title='testCases.TestsDataDriven.newAssigneeAssignmentPolicy()'><b>newAssigneeAssignmentPolicy</b><br>Test class: testCases.TestsDataDriven<br>Parameters: 1/1/2018, Automated_Name29, Automated_Surname29, Automated129, Automated229, 9/24/2003, Argentina, Buenos Aires, Australia, Business Trip, 10129, 1/1/2018, 6/30/2019, 1/1/2018, XYZ|, Monthly, AUSTRALIA, Australia Capital Territory, Big Policy, 1/1/2018, 12/31/2019</td>
<td></td>
<td>53</td>
<td>testCases.TestsDataDriven@3f2a3a5</td></tr>
<tr>
<td title='testCases.TestsDataDriven.newAssigneeAssignmentPolicy()'><b>newAssigneeAssignmentPolicy</b><br>Test class: testCases.TestsDataDriven<br>Parameters: 1/1/2018, Automated_Name30, Automated_Surname30, Automated130, Automated230, 9/24/2003, Argentina, Buenos Aires, Australia, Business Trip, 10130, 1/1/2018, 6/30/2019, 1/1/2018, XYZ|, Monthly, AUSTRALIA, Australia Capital Territory, Big Policy, 1/1/2018, 12/31/2019</td>
<td></td>
<td>53</td>
<td>testCases.TestsDataDriven@3f2a3a5</td></tr>
<tr>
<td title='testCases.TestsDataDriven.newAssigneeAssignmentPolicy()'><b>newAssigneeAssignmentPolicy</b><br>Test class: testCases.TestsDataDriven<br>Parameters: 1/1/2018, Automated_Name31, Automated_Surname31, Automated131, Automated231, 9/24/2003, Argentina, Buenos Aires, Australia, Business Trip, 10131, 1/1/2018, 6/30/2019, 1/1/2018, XYZ|, Monthly, AUSTRALIA, Australia Capital Territory, Big Policy, 1/1/2018, 12/31/2019</td>
<td></td>
<td>52</td>
<td>testCases.TestsDataDriven@3f2a3a5</td></tr>
<tr>
<td title='testCases.TestsDataDriven.newAssigneeAssignmentPolicy()'><b>newAssigneeAssignmentPolicy</b><br>Test class: testCases.TestsDataDriven<br>Parameters: 1/1/2018, Automated_Name32, Automated_Surname32, Automated132, Automated232, 9/24/2003, Argentina, Buenos Aires, Australia, Business Trip, 10132, 1/1/2018, 6/30/2019, 1/1/2018, XYZ|, Monthly, AUSTRALIA, Australia Capital Territory, Big Policy, 1/1/2018, 12/31/2019</td>
<td></td>
<td>54</td>
<td>testCases.TestsDataDriven@3f2a3a5</td></tr>
<tr>
<td title='testCases.TestsDataDriven.newAssigneeAssignmentPolicy()'><b>newAssigneeAssignmentPolicy</b><br>Test class: testCases.TestsDataDriven<br>Parameters: 1/1/2018, Automated_Name33, Automated_Surname33, Automated133, Automated233, 9/24/2003, Argentina, Buenos Aires, Australia, Business Trip, 10133, 1/1/2018, 6/30/2019, 1/1/2018, XYZ|, Monthly, AUSTRALIA, Australia Capital Territory, Big Policy, 1/1/2018, 12/31/2019</td>
<td></td>
<td>57</td>
<td>testCases.TestsDataDriven@3f2a3a5</td></tr>
<tr>
<td title='testCases.TestsDataDriven.newAssigneeAssignmentPolicy()'><b>newAssigneeAssignmentPolicy</b><br>Test class: testCases.TestsDataDriven<br>Parameters: 1/1/2018, Automated_Name34, Automated_Surname34, Automated134, Automated234, 9/24/2003, Argentina, Buenos Aires, Australia, Business Trip, 10134, 1/1/2018, 6/30/2019, 1/1/2018, XYZ|, Monthly, AUSTRALIA, Australia Capital Territory, Big Policy, 1/1/2018, 12/31/2019</td>
<td></td>
<td>55</td>
<td>testCases.TestsDataDriven@3f2a3a5</td></tr>
<tr>
<td title='testCases.TestsDataDriven.newAssigneeAssignmentPolicy()'><b>newAssigneeAssignmentPolicy</b><br>Test class: testCases.TestsDataDriven<br>Parameters: 1/1/2018, Automated_Name35, Automated_Surname35, Automated135, Automated235, 9/24/2003, Argentina, Buenos Aires, Australia, Business Trip, 10135, 1/1/2018, 6/30/2019, 1/1/2018, XYZ|, Monthly, AUSTRALIA, Australia Capital Territory, Big Policy, 1/1/2018, 12/31/2019</td>
<td></td>
<td>52</td>
<td>testCases.TestsDataDriven@3f2a3a5</td></tr>
<tr>
<td title='testCases.TestsDataDriven.newAssigneeAssignmentPolicy()'><b>newAssigneeAssignmentPolicy</b><br>Test class: testCases.TestsDataDriven<br>Parameters: 1/1/2018, Automated_Name37, Automated_Surname37, Automated137, Automated237, 9/24/2003, Argentina, Buenos Aires, Australia, Business Trip, 10137, 1/1/2018, 6/30/2019, 1/1/2018, XYZ|, Monthly, AUSTRALIA, Australia Capital Territory, Big Policy, 1/1/2018, 12/31/2019</td>
<td></td>
<td>57</td>
<td>testCases.TestsDataDriven@3f2a3a5</td></tr>
<tr>
<td title='testCases.TestsDataDriven.newAssigneeAssignmentPolicy()'><b>newAssigneeAssignmentPolicy</b><br>Test class: testCases.TestsDataDriven<br>Parameters: 1/1/2018, Automated_Name38, Automated_Surname38, Automated138, Automated238, 9/24/2003, Argentina, Buenos Aires, Australia, Business Trip, 10138, 1/1/2018, 6/30/2019, 1/1/2018, XYZ|, Monthly, AUSTRALIA, Australia Capital Territory, Big Policy, 1/1/2018, 12/31/2019</td>
<td></td>
<td>54</td>
<td>testCases.TestsDataDriven@3f2a3a5</td></tr>
<tr>
<td title='testCases.TestsDataDriven.newAssigneeAssignmentPolicy()'><b>newAssigneeAssignmentPolicy</b><br>Test class: testCases.TestsDataDriven<br>Parameters: 1/1/2018, Automated_Name39, Automated_Surname39, Automated139, Automated239, 9/24/2003, Argentina, Buenos Aires, Australia, Business Trip, 10139, 1/1/2018, 6/30/2019, 1/1/2018, XYZ|, Monthly, AUSTRALIA, Australia Capital Territory, Big Policy, 1/1/2018, 12/31/2019</td>
<td></td>
<td>55</td>
<td>testCases.TestsDataDriven@3f2a3a5</td></tr>
<tr>
<td title='testCases.TestsDataDriven.newAssigneeAssignmentPolicy()'><b>newAssigneeAssignmentPolicy</b><br>Test class: testCases.TestsDataDriven<br>Parameters: 1/1/2018, Automated_Name40, Automated_Surname40, Automated140, Automated240, 9/24/2003, Argentina, Buenos Aires, Australia, Business Trip, 10140, 1/1/2018, 6/30/2019, 1/1/2018, XYZ|, Monthly, AUSTRALIA, Australia Capital Territory, Big Policy, 1/1/2018, 12/31/2019</td>
<td></td>
<td>51</td>
<td>testCases.TestsDataDriven@3f2a3a5</td></tr>
<tr>
<td title='testCases.TestsDataDriven.newAssigneeAssignmentPolicy()'><b>newAssigneeAssignmentPolicy</b><br>Test class: testCases.TestsDataDriven<br>Parameters: 1/1/2018, Automated_Name41, Automated_Surname41, Automated141, Automated241, 9/24/2003, Argentina, Buenos Aires, Australia, Business Trip, 10141, 1/1/2018, 6/30/2019, 1/1/2018, XYZ|, Monthly, AUSTRALIA, Australia Capital Territory, Big Policy, 1/1/2018, 12/31/2019</td>
<td></td>
<td>52</td>
<td>testCases.TestsDataDriven@3f2a3a5</td></tr>
<tr>
<td title='testCases.TestsDataDriven.newAssigneeAssignmentPolicy()'><b>newAssigneeAssignmentPolicy</b><br>Test class: testCases.TestsDataDriven<br>Parameters: 1/1/2018, Automated_Name42, Automated_Surname42, Automated142, Automated242, 9/24/2003, Argentina, Buenos Aires, Australia, Business Trip, 10142, 1/1/2018, 6/30/2019, 1/1/2018, XYZ|, Monthly, AUSTRALIA, Australia Capital Territory, Big Policy, 1/1/2018, 12/31/2019</td>
<td></td>
<td>55</td>
<td>testCases.TestsDataDriven@3f2a3a5</td></tr>
<tr>
<td title='testCases.TestsDataDriven.newAssigneeAssignmentPolicy()'><b>newAssigneeAssignmentPolicy</b><br>Test class: testCases.TestsDataDriven<br>Parameters: 1/1/2018, Automated_Name43, Automated_Surname43, Automated143, Automated243, 9/24/2003, Argentina, Buenos Aires, Australia, Business Trip, 10143, 1/1/2018, 6/30/2019, 1/1/2018, XYZ|, Monthly, AUSTRALIA, Australia Capital Territory, Big Policy, 1/1/2018, 12/31/2019</td>
<td></td>
<td>52</td>
<td>testCases.TestsDataDriven@3f2a3a5</td></tr>
<tr>
<td title='testCases.TestsDataDriven.newAssigneeAssignmentPolicy()'><b>newAssigneeAssignmentPolicy</b><br>Test class: testCases.TestsDataDriven<br>Parameters: 1/1/2018, Automated_Name44, Automated_Surname44, Automated144, Automated244, 9/24/2003, Argentina, Buenos Aires, Australia, Business Trip, 10144, 1/1/2018, 6/30/2019, 1/1/2018, XYZ|, Monthly, AUSTRALIA, Australia Capital Territory, Big Policy, 1/1/2018, 12/31/2019</td>
<td></td>
<td>51</td>
<td>testCases.TestsDataDriven@3f2a3a5</td></tr>
<tr>
<td title='testCases.TestsDataDriven.newAssigneeAssignmentPolicy()'><b>newAssigneeAssignmentPolicy</b><br>Test class: testCases.TestsDataDriven<br>Parameters: 1/1/2018, Automated_Name45, Automated_Surname45, Automated145, Automated245, 9/24/2003, Argentina, Buenos Aires, Australia, Business Trip, 10145, 1/1/2018, 6/30/2019, 1/1/2018, XYZ|, Monthly, AUSTRALIA, Australia Capital Territory, Big Policy, 1/1/2018, 12/31/2019</td>
<td></td>
<td>52</td>
<td>testCases.TestsDataDriven@3f2a3a5</td></tr>
<tr>
<td title='testCases.TestsDataDriven.newAssigneeAssignmentPolicy()'><b>newAssigneeAssignmentPolicy</b><br>Test class: testCases.TestsDataDriven<br>Parameters: 1/1/2018, Automated_Name46, Automated_Surname46, Automated146, Automated246, 9/24/2003, Argentina, Buenos Aires, Australia, Business Trip, 10146, 1/1/2018, 6/30/2019, 1/1/2018, XYZ|, Monthly, AUSTRALIA, Australia Capital Territory, Big Policy, 1/1/2018, 12/31/2019</td>
<td></td>
<td>51</td>
<td>testCases.TestsDataDriven@3f2a3a5</td></tr>
<tr>
<td title='testCases.TestsDataDriven.newAssigneeAssignmentPolicy()'><b>newAssigneeAssignmentPolicy</b><br>Test class: testCases.TestsDataDriven<br>Parameters: 1/1/2018, Automated_Name47, Automated_Surname47, Automated147, Automated247, 9/24/2003, Argentina, Buenos Aires, Australia, Business Trip, 10147, 1/1/2018, 6/30/2019, 1/1/2018, XYZ|, Monthly, AUSTRALIA, Australia Capital Territory, Big Policy, 1/1/2018, 12/31/2019</td>
<td></td>
<td>54</td>
<td>testCases.TestsDataDriven@3f2a3a5</td></tr>
<tr>
<td title='testCases.TestsDataDriven.newAssigneeAssignmentPolicy()'><b>newAssigneeAssignmentPolicy</b><br>Test class: testCases.TestsDataDriven<br>Parameters: 1/1/2018, Automated_Name48, Automated_Surname48, Automated148, Automated248, 9/24/2003, Argentina, Buenos Aires, Australia, Business Trip, 10148, 1/1/2018, 6/30/2019, 1/1/2018, XYZ|, Monthly, AUSTRALIA, Australia Capital Territory, Big Policy, 1/1/2018, 12/31/2019</td>
<td></td>
<td>56</td>
<td>testCases.TestsDataDriven@3f2a3a5</td></tr>
<tr>
<td title='testCases.TestsDataDriven.newAssigneeAssignmentPolicy()'><b>newAssigneeAssignmentPolicy</b><br>Test class: testCases.TestsDataDriven<br>Parameters: 1/1/2018, Automated_Name49, Automated_Surname49, Automated149, Automated249, 9/24/2003, Argentina, Buenos Aires, Australia, Business Trip, 10149, 1/1/2018, 6/30/2019, 1/1/2018, XYZ|, Monthly, AUSTRALIA, Australia Capital Territory, Big Policy, 1/1/2018, 12/31/2019</td>
<td></td>
<td>51</td>
<td>testCases.TestsDataDriven@3f2a3a5</td></tr>
<tr>
<td title='testCases.TestsDataDriven.newAssigneeAssignmentPolicy()'><b>newAssigneeAssignmentPolicy</b><br>Test class: testCases.TestsDataDriven<br>Parameters: 1/1/2018, Automated_Name50, Automated_Surname50, Automated150, Automated250, 9/24/2003, Argentina, Buenos Aires, Australia, Business Trip, 10150, 1/1/2018, 6/30/2019, 1/1/2018, XYZ|, Monthly, AUSTRALIA, Australia Capital Territory, Big Policy, 1/1/2018, 12/31/2019</td>
<td></td>
<td>57</td>
<td>testCases.TestsDataDriven@3f2a3a5</td></tr>
<tr>
<td title='testCases.TestsDataDriven.newAssigneeAssignmentPolicy()'><b>newAssigneeAssignmentPolicy</b><br>Test class: testCases.TestsDataDriven<br>Parameters: 1/1/2018, Automated_Name51, Automated_Surname51, Automated151, Automated251, 9/24/2003, Argentina, Buenos Aires, Australia, Business Trip, 10151, 1/1/2018, 6/30/2019, 1/1/2018, XYZ|, Monthly, AUSTRALIA, Australia Capital Territory, Big Policy, 1/1/2018, 12/31/2019</td>
<td></td>
<td>52</td>
<td>testCases.TestsDataDriven@3f2a3a5</td></tr>
<tr>
<td title='testCases.TestsDataDriven.newAssigneeAssignmentPolicy()'><b>newAssigneeAssignmentPolicy</b><br>Test class: testCases.TestsDataDriven<br>Parameters: 1/1/2018, Automated_Name52, Automated_Surname52, Automated152, Automated252, 9/24/2003, Argentina, Buenos Aires, Australia, Business Trip, 10152, 1/1/2018, 6/30/2019, 1/1/2018, XYZ|, Monthly, AUSTRALIA, Australia Capital Territory, Big Policy, 1/1/2018, 12/31/2019</td>
<td></td>
<td>52</td>
<td>testCases.TestsDataDriven@3f2a3a5</td></tr>
<tr>
<td title='testCases.TestsDataDriven.newAssigneeAssignmentPolicy()'><b>newAssigneeAssignmentPolicy</b><br>Test class: testCases.TestsDataDriven<br>Parameters: 1/1/2018, Automated_Name53, Automated_Surname53, Automated153, Automated253, 9/24/2003, Argentina, Buenos Aires, Australia, Business Trip, 10153, 1/1/2018, 6/30/2019, 1/1/2018, XYZ|, Monthly, AUSTRALIA, Australia Capital Territory, Big Policy, 1/1/2018, 12/31/2019</td>
<td></td>
<td>53</td>
<td>testCases.TestsDataDriven@3f2a3a5</td></tr>
<tr>
<td title='testCases.TestsDataDriven.newAssigneeAssignmentPolicy()'><b>newAssigneeAssignmentPolicy</b><br>Test class: testCases.TestsDataDriven<br>Parameters: 1/1/2018, Automated_Name54, Automated_Surname54, Automated154, Automated254, 9/24/2003, Argentina, Buenos Aires, Australia, Business Trip, 10154, 1/1/2018, 6/30/2019, 1/1/2018, XYZ|, Monthly, AUSTRALIA, Australia Capital Territory, Big Policy, 1/1/2018, 12/31/2019</td>
<td></td>
<td>55</td>
<td>testCases.TestsDataDriven@3f2a3a5</td></tr>
<tr>
<td title='testCases.TestsDataDriven.newAssigneeAssignmentPolicy()'><b>newAssigneeAssignmentPolicy</b><br>Test class: testCases.TestsDataDriven<br>Parameters: 1/1/2018, Automated_Name55, Automated_Surname55, Automated155, Automated255, 9/24/2003, Argentina, Buenos Aires, Australia, Business Trip, 10155, 1/1/2018, 6/30/2019, 1/1/2018, XYZ|, Monthly, AUSTRALIA, Australia Capital Territory, Big Policy, 1/1/2018, 12/31/2019</td>
<td></td>
<td>51</td>
<td>testCases.TestsDataDriven@3f2a3a5</td></tr>
<tr>
<td title='testCases.TestsDataDriven.newAssigneeAssignmentPolicy()'><b>newAssigneeAssignmentPolicy</b><br>Test class: testCases.TestsDataDriven<br>Parameters: 1/1/2018, Automated_Name56, Automated_Surname56, Automated156, Automated256, 9/24/2003, Argentina, Buenos Aires, Australia, Business Trip, 10156, 1/1/2018, 6/30/2019, 1/1/2018, XYZ|, Monthly, AUSTRALIA, Australia Capital Territory, Big Policy, 1/1/2018, 12/31/2019</td>
<td></td>
<td>54</td>
<td>testCases.TestsDataDriven@3f2a3a5</td></tr>
<tr>
<td title='testCases.TestsDataDriven.newAssigneeAssignmentPolicy()'><b>newAssigneeAssignmentPolicy</b><br>Test class: testCases.TestsDataDriven<br>Parameters: 1/1/2018, Automated_Name57, Automated_Surname57, Automated157, Automated257, 9/24/2003, Argentina, Buenos Aires, Australia, Business Trip, 10157, 1/1/2018, 6/30/2019, 1/1/2018, XYZ|, Monthly, AUSTRALIA, Australia Capital Territory, Big Policy, 1/1/2018, 12/31/2019</td>
<td></td>
<td>54</td>
<td>testCases.TestsDataDriven@3f2a3a5</td></tr>
<tr>
<td title='testCases.TestsDataDriven.newAssigneeAssignmentPolicy()'><b>newAssigneeAssignmentPolicy</b><br>Test class: testCases.TestsDataDriven<br>Parameters: 1/1/2018, Automated_Name58, Automated_Surname58, Automated158, Automated258, 9/24/2003, Argentina, Buenos Aires, Australia, Business Trip, 10158, 1/1/2018, 6/30/2019, 1/1/2018, XYZ|, Monthly, AUSTRALIA, Australia Capital Territory, Big Policy, 1/1/2018, 12/31/2019</td>
<td></td>
<td>55</td>
<td>testCases.TestsDataDriven@3f2a3a5</td></tr>
<tr>
<td title='testCases.TestsDataDriven.newAssigneeAssignmentPolicy()'><b>newAssigneeAssignmentPolicy</b><br>Test class: testCases.TestsDataDriven<br>Parameters: 1/1/2018, Automated_Name59, Automated_Surname59, Automated159, Automated259, 9/24/2003, Argentina, Buenos Aires, Australia, Business Trip, 10159, 1/1/2018, 6/30/2019, 1/1/2018, XYZ|, Monthly, AUSTRALIA, Australia Capital Territory, Big Policy, 1/1/2018, 12/31/2019</td>
<td></td>
<td>52</td>
<td>testCases.TestsDataDriven@3f2a3a5</td></tr>
<tr>
<td title='testCases.TestsDataDriven.newAssigneeAssignmentPolicy()'><b>newAssigneeAssignmentPolicy</b><br>Test class: testCases.TestsDataDriven<br>Parameters: 1/1/2018, Automated_Name60, Automated_Surname60, Automated160, Automated260, 9/24/2003, Argentina, Buenos Aires, Australia, Business Trip, 10160, 1/1/2018, 6/30/2019, 1/1/2018, XYZ|, Monthly, AUSTRALIA, Australia Capital Territory, Big Policy, 1/1/2018, 12/31/2019</td>
<td></td>
<td>56</td>
<td>testCases.TestsDataDriven@3f2a3a5</td></tr>
<tr>
<td title='testCases.TestsDataDriven.newAssigneeAssignmentPolicy()'><b>newAssigneeAssignmentPolicy</b><br>Test class: testCases.TestsDataDriven<br>Parameters: 1/1/2018, Automated_Name61, Automated_Surname61, Automated161, Automated261, 9/24/2003, Argentina, Buenos Aires, Australia, Business Trip, 10161, 1/1/2018, 6/30/2019, 1/1/2018, XYZ|, Monthly, AUSTRALIA, Australia Capital Territory, Big Policy, 1/1/2018, 12/31/2019</td>
<td></td>
<td>55</td>
<td>testCases.TestsDataDriven@3f2a3a5</td></tr>
<tr>
<td title='testCases.TestsDataDriven.newAssigneeAssignmentPolicy()'><b>newAssigneeAssignmentPolicy</b><br>Test class: testCases.TestsDataDriven<br>Parameters: 1/1/2018, Automated_Name62, Automated_Surname62, Automated162, Automated262, 9/24/2003, Argentina, Buenos Aires, Australia, Business Trip, 10162, 1/1/2018, 6/30/2019, 1/1/2018, XYZ|, Monthly, AUSTRALIA, Australia Capital Territory, Big Policy, 1/1/2018, 12/31/2019</td>
<td></td>
<td>56</td>
<td>testCases.TestsDataDriven@3f2a3a5</td></tr>
</table><p>
</body>
</html>