<?xml version="1.0" encoding="UTF-8"?>
<!-- Generated by org.testng.reporters.JUnitXMLReporter -->
<testsuite hostname="CLDmamanrique01" ignored="2" name="Command line test" tests="51" failures="3" timestamp="08 Nov 2018 16:58:51 GMT" time="3519.677" errors="0">
  <testcase name="newAssigneeAssignmentPolicy" time="65.897" classname="testCases.TestsDataDriven"/>
  <testcase name="newAssigneeAssignmentPolicy" time="57.173" classname="testCases.TestsDataDriven"/>
  <testcase name="newAssigneeAssignmentPolicy" time="54.257" classname="testCases.TestsDataDriven"/>
  <testcase name="newAssigneeAssignmentPolicy" time="56.077" classname="testCases.TestsDataDriven"/>
  <testcase name="newAssigneeAssignmentPolicy" time="54.444" classname="testCases.TestsDataDriven"/>
  <testcase name="newAssigneeAssignmentPolicy" time="56.017" classname="testCases.TestsDataDriven"/>
  <testcase name="newAssigneeAssignmentPolicy" time="58.047" classname="testCases.TestsDataDriven"/>
  <testcase name="newAssigneeAssignmentPolicy" time="53.899" classname="testCases.TestsDataDriven"/>
  <testcase name="newAssigneeAssignmentPolicy" time="59.421" classname="testCases.TestsDataDriven"/>
  <testcase name="newAssigneeAssignmentPolicy" time="58.834" classname="testCases.TestsDataDriven"/>
  <testcase name="newAssigneeAssignmentPolicy" time="64.796" classname="testCases.TestsDataDriven"/>
  <testcase name="newAssigneeAssignmentPolicy" time="54.45" classname="testCases.TestsDataDriven"/>
  <testcase name="newAssigneeAssignmentPolicy" time="36.59" classname="testCases.TestsDataDriven">
    <failure type="org.openqa.selenium.StaleElementReferenceException" message="stale element reference: element is not attached to the page document
  (Session info: chrome=70.0.3538.77)
  (Driver info: chromedriver=2.42.591088 (7b2b2dca23cca0862f674758c9a3933e685c27d5),platform=Windows NT 6.3.9600 x86_64) (WARNING: The server did not provide any stacktrace information)
Command duration or timeout: 0 milliseconds
For documentation on this error, please visit: http://seleniumhq.org/exceptions/stale_element_reference.html
Build info: version: &amp;apos;3.14.0&amp;apos;, revision: &amp;apos;aacccce0&amp;apos;, time: &amp;apos;2018-08-02T20:19:58.91Z&amp;apos;
System info: host: &amp;apos;CLDMAMANRIQUE01&amp;apos;, ip: &amp;apos;10.26.216.77&amp;apos;, os.name: &amp;apos;Windows Server 2012 R2&amp;apos;, os.arch: &amp;apos;amd64&amp;apos;, os.version: &amp;apos;6.3&amp;apos;, java.version: &amp;apos;1.8.0_181&amp;apos;
Driver info: org.openqa.selenium.chrome.ChromeDriver
Capabilities {acceptInsecureCerts: false, acceptSslCerts: false, applicationCacheEnabled: false, browserConnectionEnabled: false, browserName: chrome, chrome: {chromedriverVersion: 2.42.591088 (7b2b2dca23cca0..., userDataDir: C:\Users\mamanrique\AppData...}, cssSelectorsEnabled: true, databaseEnabled: false, goog:chromeOptions: {debuggerAddress: localhost:55925}, handlesAlerts: true, hasTouchScreen: false, javascriptEnabled: true, locationContextEnabled: true, mobileEmulationEnabled: false, nativeEvents: true, networkConnectionEnabled: false, pageLoadStrategy: normal, platform: XP, platformName: XP, rotatable: false, setWindowRect: true, takesHeapSnapshot: true, takesScreenshot: true, unexpectedAlertBehaviour: , unhandledPromptBehavior: , version: 70.0.3538.77, webStorageEnabled: true}
Session ID: 3de223c5c4034c72f583d5f64946bb2e">
      <![CDATA[org.openqa.selenium.StaleElementReferenceException: stale element reference: element is not attached to the page document
  (Session info: chrome=70.0.3538.77)
  (Driver info: chromedriver=2.42.591088 (7b2b2dca23cca0862f674758c9a3933e685c27d5),platform=Windows NT 6.3.9600 x86_64) (WARNING: The server did not provide any stacktrace information)
Command duration or timeout: 0 milliseconds
For documentation on this error, please visit: http://seleniumhq.org/exceptions/stale_element_reference.html
Build info: version: '3.14.0', revision: 'aacccce0', time: '2018-08-02T20:19:58.91Z'
System info: host: 'CLDMAMANRIQUE01', ip: '10.26.216.77', os.name: 'Windows Server 2012 R2', os.arch: 'amd64', os.version: '6.3', java.version: '1.8.0_181'
Driver info: org.openqa.selenium.chrome.ChromeDriver
Capabilities {acceptInsecureCerts: false, acceptSslCerts: false, applicationCacheEnabled: false, browserConnectionEnabled: false, browserName: chrome, chrome: {chromedriverVersion: 2.42.591088 (7b2b2dca23cca0..., userDataDir: C:\Users\mamanrique\AppData...}, cssSelectorsEnabled: true, databaseEnabled: false, goog:chromeOptions: {debuggerAddress: localhost:55925}, handlesAlerts: true, hasTouchScreen: false, javascriptEnabled: true, locationContextEnabled: true, mobileEmulationEnabled: false, nativeEvents: true, networkConnectionEnabled: false, pageLoadStrategy: normal, platform: XP, platformName: XP, rotatable: false, setWindowRect: true, takesHeapSnapshot: true, takesScreenshot: true, unexpectedAlertBehaviour: , unhandledPromptBehavior: , version: 70.0.3538.77, webStorageEnabled: true}
Session ID: 3de223c5c4034c72f583d5f64946bb2e
at org.openqa.selenium.remote.ErrorHandler.createThrowable(ErrorHandler.java:214)
at org.openqa.selenium.remote.ErrorHandler.throwIfResponseFailed(ErrorHandler.java:166)
at org.openqa.selenium.remote.http.JsonHttpResponseCodec.reconstructValue(JsonHttpResponseCodec.java:40)
at org.openqa.selenium.remote.http.AbstractHttpResponseCodec.decode(AbstractHttpResponseCodec.java:80)
at org.openqa.selenium.remote.http.AbstractHttpResponseCodec.decode(AbstractHttpResponseCodec.java:44)
at org.openqa.selenium.remote.HttpCommandExecutor.execute(HttpCommandExecutor.java:158)
at org.openqa.selenium.remote.service.DriverCommandExecutor.execute(DriverCommandExecutor.java:83)
at org.openqa.selenium.remote.RemoteWebDriver.execute(RemoteWebDriver.java:548)
at org.openqa.selenium.remote.RemoteWebElement.execute(RemoteWebElement.java:276)
at org.openqa.selenium.remote.RemoteWebElement.sendKeys(RemoteWebElement.java:100)
at pageObjects.PageAssignment.newAssignment(PageAssignment.java:72)
at testCases.TestsDataDriven.newAssigneeAssignmentPolicy(TestsDataDriven.java:99)
... Removed 38 stack frames]]>
    </failure>
  </testcase> <!-- newAssigneeAssignmentPolicy -->
  <testcase name="newAssigneeAssignmentPolicy" time="67.587" classname="testCases.TestsDataDriven"/>
  <testcase name="newAssigneeAssignmentPolicy" time="162.791" classname="testCases.TestsDataDriven">
    <failure type="org.openqa.selenium.TimeoutException" message="Expected condition failed: waiting for presence of element located by: By.id: ctl00_ctl00_ctl00_ctl00_Main_MainContent_MainContent_MainContent_AddPolicies (tried for 30 second(s) with 500 milliseconds interval)">
      <![CDATA[org.openqa.selenium.TimeoutException: Expected condition failed: waiting for presence of element located by: By.id: ctl00_ctl00_ctl00_ctl00_Main_MainContent_MainContent_MainContent_AddPolicies (tried for 30 second(s) with 500 milliseconds interval)
at org.openqa.selenium.support.ui.WebDriverWait.timeoutException(WebDriverWait.java:113)
at org.openqa.selenium.support.ui.FluentWait.until(FluentWait.java:283)
at pageObjects.PageAssigneePolicy.newAssigneeAssignmentPolicy(PageAssigneePolicy.java:40)
at testCases.TestsDataDriven.newAssigneeAssignmentPolicy(TestsDataDriven.java:101)
Caused by: org.openqa.selenium.NoSuchElementException: Cannot locate an element using By.id: ctl00_ctl00_ctl00_ctl00_Main_MainContent_MainContent_MainContent_AddPolicies
For documentation on this error, please visit: http://seleniumhq.org/exceptions/no_such_element.html
Build info: version: '3.14.0', revision: 'aacccce0', time: '2018-08-02T20:19:58.91Z'
System info: host: 'CLDMAMANRIQUE01', ip: '10.26.216.77', os.name: 'Windows Server 2012 R2', os.arch: 'amd64', os.version: '6.3', java.version: '1.8.0_181'
Driver info: driver.version: unknown
at org.openqa.selenium.support.ui.ExpectedConditions.lambda$findElement$0(ExpectedConditions.java:896)
at java.util.Optional.orElseThrow(Optional.java:290)
at org.openqa.selenium.support.ui.ExpectedConditions.findElement(ExpectedConditions.java:895)
at org.openqa.selenium.support.ui.ExpectedConditions.access$000(ExpectedConditions.java:44)
at org.openqa.selenium.support.ui.ExpectedConditions$6.apply(ExpectedConditions.java:183)
at org.openqa.selenium.support.ui.ExpectedConditions$6.apply(ExpectedConditions.java:180)
at org.openqa.selenium.support.ui.FluentWait.until(FluentWait.java:260)
... 36 more
... Removed 34 stack frames]]>
    </failure>
  </testcase> <!-- newAssigneeAssignmentPolicy -->
  <testcase name="newAssigneeAssignmentPolicy" time="53.263" classname="testCases.TestsDataDriven"/>
  <testcase name="newAssigneeAssignmentPolicy" time="53.552" classname="testCases.TestsDataDriven"/>
  <testcase name="newAssigneeAssignmentPolicy" time="53.512" classname="testCases.TestsDataDriven"/>
  <testcase name="newAssigneeAssignmentPolicy" time="53.199" classname="testCases.TestsDataDriven"/>
  <testcase name="newAssigneeAssignmentPolicy" time="52.351" classname="testCases.TestsDataDriven"/>
  <testcase name="newAssigneeAssignmentPolicy" time="54.303" classname="testCases.TestsDataDriven"/>
  <testcase name="newAssigneeAssignmentPolicy" time="57.146" classname="testCases.TestsDataDriven"/>
  <testcase name="newAssigneeAssignmentPolicy" time="55.784" classname="testCases.TestsDataDriven"/>
  <testcase name="newAssigneeAssignmentPolicy" time="52.273" classname="testCases.TestsDataDriven"/>
  <testcase name="newAssigneeAssignmentPolicy" time="27.975" classname="testCases.TestsDataDriven">
    <failure type="org.openqa.selenium.StaleElementReferenceException" message="stale element reference: element is not attached to the page document
  (Session info: chrome=70.0.3538.77)
  (Driver info: chromedriver=2.42.591088 (7b2b2dca23cca0862f674758c9a3933e685c27d5),platform=Windows NT 6.3.9600 x86_64) (WARNING: The server did not provide any stacktrace information)
Command duration or timeout: 0 milliseconds
For documentation on this error, please visit: http://seleniumhq.org/exceptions/stale_element_reference.html
Build info: version: &amp;apos;3.14.0&amp;apos;, revision: &amp;apos;aacccce0&amp;apos;, time: &amp;apos;2018-08-02T20:19:58.91Z&amp;apos;
System info: host: &amp;apos;CLDMAMANRIQUE01&amp;apos;, ip: &amp;apos;10.26.216.77&amp;apos;, os.name: &amp;apos;Windows Server 2012 R2&amp;apos;, os.arch: &amp;apos;amd64&amp;apos;, os.version: &amp;apos;6.3&amp;apos;, java.version: &amp;apos;1.8.0_181&amp;apos;
Driver info: org.openqa.selenium.chrome.ChromeDriver
Capabilities {acceptInsecureCerts: false, acceptSslCerts: false, applicationCacheEnabled: false, browserConnectionEnabled: false, browserName: chrome, chrome: {chromedriverVersion: 2.42.591088 (7b2b2dca23cca0..., userDataDir: C:\Users\mamanrique\AppData...}, cssSelectorsEnabled: true, databaseEnabled: false, goog:chromeOptions: {debuggerAddress: localhost:58143}, handlesAlerts: true, hasTouchScreen: false, javascriptEnabled: true, locationContextEnabled: true, mobileEmulationEnabled: false, nativeEvents: true, networkConnectionEnabled: false, pageLoadStrategy: normal, platform: XP, platformName: XP, rotatable: false, setWindowRect: true, takesHeapSnapshot: true, takesScreenshot: true, unexpectedAlertBehaviour: , unhandledPromptBehavior: , version: 70.0.3538.77, webStorageEnabled: true}
Session ID: 4c7840f69bd58b2e7f3ad751634d45bb">
      <![CDATA[org.openqa.selenium.StaleElementReferenceException: stale element reference: element is not attached to the page document
  (Session info: chrome=70.0.3538.77)
  (Driver info: chromedriver=2.42.591088 (7b2b2dca23cca0862f674758c9a3933e685c27d5),platform=Windows NT 6.3.9600 x86_64) (WARNING: The server did not provide any stacktrace information)
Command duration or timeout: 0 milliseconds
For documentation on this error, please visit: http://seleniumhq.org/exceptions/stale_element_reference.html
Build info: version: '3.14.0', revision: 'aacccce0', time: '2018-08-02T20:19:58.91Z'
System info: host: 'CLDMAMANRIQUE01', ip: '10.26.216.77', os.name: 'Windows Server 2012 R2', os.arch: 'amd64', os.version: '6.3', java.version: '1.8.0_181'
Driver info: org.openqa.selenium.chrome.ChromeDriver
Capabilities {acceptInsecureCerts: false, acceptSslCerts: false, applicationCacheEnabled: false, browserConnectionEnabled: false, browserName: chrome, chrome: {chromedriverVersion: 2.42.591088 (7b2b2dca23cca0..., userDataDir: C:\Users\mamanrique\AppData...}, cssSelectorsEnabled: true, databaseEnabled: false, goog:chromeOptions: {debuggerAddress: localhost:58143}, handlesAlerts: true, hasTouchScreen: false, javascriptEnabled: true, locationContextEnabled: true, mobileEmulationEnabled: false, nativeEvents: true, networkConnectionEnabled: false, pageLoadStrategy: normal, platform: XP, platformName: XP, rotatable: false, setWindowRect: true, takesHeapSnapshot: true, takesScreenshot: true, unexpectedAlertBehaviour: , unhandledPromptBehavior: , version: 70.0.3538.77, webStorageEnabled: true}
Session ID: 4c7840f69bd58b2e7f3ad751634d45bb
at org.openqa.selenium.remote.ErrorHandler.createThrowable(ErrorHandler.java:214)
at org.openqa.selenium.remote.ErrorHandler.throwIfResponseFailed(ErrorHandler.java:166)
at org.openqa.selenium.remote.http.JsonHttpResponseCodec.reconstructValue(JsonHttpResponseCodec.java:40)
at org.openqa.selenium.remote.http.AbstractHttpResponseCodec.decode(AbstractHttpResponseCodec.java:80)
at org.openqa.selenium.remote.http.AbstractHttpResponseCodec.decode(AbstractHttpResponseCodec.java:44)
at org.openqa.selenium.remote.HttpCommandExecutor.execute(HttpCommandExecutor.java:158)
at org.openqa.selenium.remote.service.DriverCommandExecutor.execute(DriverCommandExecutor.java:83)
at org.openqa.selenium.remote.RemoteWebDriver.execute(RemoteWebDriver.java:548)
at org.openqa.selenium.remote.RemoteWebElement.execute(RemoteWebElement.java:276)
at org.openqa.selenium.remote.RemoteWebElement.sendKeys(RemoteWebElement.java:100)
at pageObjects.PageAssignment.newAssignment(PageAssignment.java:76)
at testCases.TestsDataDriven.newAssigneeAssignmentPolicy(TestsDataDriven.java:99)
... Removed 37 stack frames]]>
    </failure>
  </testcase> <!-- newAssigneeAssignmentPolicy -->
  <testcase name="newAssigneeAssignmentPolicy" time="57.228" classname="testCases.TestsDataDriven"/>
  <testcase name="newAssigneeAssignmentPolicy" time="54.915" classname="testCases.TestsDataDriven"/>
  <testcase name="newAssigneeAssignmentPolicy" time="55.196" classname="testCases.TestsDataDriven"/>
  <testcase name="newAssigneeAssignmentPolicy" time="51.451" classname="testCases.TestsDataDriven"/>
  <testcase name="newAssigneeAssignmentPolicy" time="52.032" classname="testCases.TestsDataDriven"/>
  <testcase name="newAssigneeAssignmentPolicy" time="55.638" classname="testCases.TestsDataDriven"/>
  <testcase name="newAssigneeAssignmentPolicy" time="52.328" classname="testCases.TestsDataDriven"/>
  <testcase name="newAssigneeAssignmentPolicy" time="51.158" classname="testCases.TestsDataDriven"/>
  <testcase name="newAssigneeAssignmentPolicy" time="52.257" classname="testCases.TestsDataDriven"/>
  <testcase name="newAssigneeAssignmentPolicy" time="51.393" classname="testCases.TestsDataDriven"/>
  <testcase name="newAssigneeAssignmentPolicy" time="54.542" classname="testCases.TestsDataDriven"/>
  <testcase name="newAssigneeAssignmentPolicy" time="56.256" classname="testCases.TestsDataDriven"/>
  <testcase name="newAssigneeAssignmentPolicy" time="51.584" classname="testCases.TestsDataDriven"/>
  <testcase name="newAssigneeAssignmentPolicy" time="57.805" classname="testCases.TestsDataDriven"/>
  <testcase name="newAssigneeAssignmentPolicy" time="52.66" classname="testCases.TestsDataDriven"/>
  <testcase name="newAssigneeAssignmentPolicy" time="52.943" classname="testCases.TestsDataDriven"/>
  <testcase name="newAssigneeAssignmentPolicy" time="53.761" classname="testCases.TestsDataDriven"/>
  <testcase name="newAssigneeAssignmentPolicy" time="55.248" classname="testCases.TestsDataDriven"/>
  <testcase name="newAssigneeAssignmentPolicy" time="51.697" classname="testCases.TestsDataDriven"/>
  <testcase name="newAssigneeAssignmentPolicy" time="54.887" classname="testCases.TestsDataDriven"/>
  <testcase name="newAssigneeAssignmentPolicy" time="54.317" classname="testCases.TestsDataDriven"/>
  <testcase name="newAssigneeAssignmentPolicy" time="55.554" classname="testCases.TestsDataDriven"/>
  <testcase name="newAssigneeAssignmentPolicy" time="52.192" classname="testCases.TestsDataDriven"/>
  <testcase name="newAssigneeAssignmentPolicy" time="56.262" classname="testCases.TestsDataDriven"/>
  <testcase name="newAssigneeAssignmentPolicy" time="55.117" classname="testCases.TestsDataDriven"/>
  <testcase name="newAssigneeAssignmentPolicy" time="56.472" classname="testCases.TestsDataDriven"/>
  <testcase name="newAssigneeAssignment" time="0.0" classname="testCases.TestsDataDriven">
    <ignored/>
  </testcase> <!-- newAssigneeAssignment -->
  <testcase name="newAssignee" time="0.0" classname="testCases.TestsDataDriven">
    <ignored/>
  </testcase> <!-- newAssignee -->
</testsuite> <!-- Command line test -->
